  Source.cpp
F:\Users\RTU\source\repos\Pinch\Pinch\Pinch\Source.cpp(212,19): warning C4244: '=': 將 'GLint' 轉換為 'float'，由於類型不同，可能導致資料遺失
F:\Users\RTU\source\repos\Pinch\Pinch\Pinch\Source.cpp(213,19): warning C4244: '=': 將 'GLint' 轉換為 'float'，由於類型不同，可能導致資料遺失
F:\Users\RTU\source\repos\Pinch\Pinch\Pinch\Source.cpp(313,18): warning C4101: 'height': 未參考的區域變數
F:\Users\RTU\source\repos\Pinch\Pinch\Pinch\Source.cpp(313,11): warning C4101: 'width': 未參考的區域變數
F:\Users\RTU\source\repos\Pinch\Pinch\Pinch\Source.cpp(314,12): warning C4101: 'format': 未參考的區域變數
F:\Users\RTU\source\repos\Pinch\Pinch\Pinch\Source.cpp(313,26): warning C4101: 'component': 未參考的區域變數
F:\Users\RTU\source\repos\Pinch\Pinch\Pinch\Source.cpp(312,13): warning C4101: 'tga': 未參考的區域變數
F:\Users\RTU\source\repos\Pinch\Pinch\Pinch\Source.cpp(348,27): warning C4244: '=': 將 'float' 轉換為 'GLint'，由於類型不同，可能導致資料遺失
F:\Users\RTU\source\repos\Pinch\Pinch\Pinch\Source.cpp(352,27): warning C4244: '=': 將 'float' 轉換為 'GLint'，由於類型不同，可能導致資料遺失
F:\Users\RTU\source\repos\Pinch\Pinch\Pinch\Source.cpp(366,7): warning C4244: '=': 將 'GLdouble' 轉換為 'GLfloat'，由於類型不同，可能導致資料遺失
F:\Users\RTU\source\repos\Pinch\Pinch\Pinch\Source.cpp(367,7): warning C4244: '=': 將 'GLdouble' 轉換為 'GLfloat'，由於類型不同，可能導致資料遺失
F:\Users\RTU\source\repos\Pinch\Pinch\Pinch\Source.cpp(374,19): warning C4244: '=': 將 'int' 轉換為 'float'，由於類型不同，可能導致資料遺失
F:\Users\RTU\source\repos\Pinch\Pinch\Pinch\Source.cpp(375,19): warning C4244: '=': 將 'int' 轉換為 'float'，由於類型不同，可能導致資料遺失
F:\Users\RTU\source\repos\Pinch\Pinch\Pinch\Source.cpp(382,59): warning C4244: '=': 將 'double' 轉換為 'float'，由於類型不同，可能導致資料遺失
F:\Users\RTU\source\repos\Pinch\Pinch\Pinch\Source.cpp(383,60): warning C4244: '=': 將 'double' 轉換為 'float'，由於類型不同，可能導致資料遺失
F:\Users\RTU\source\repos\Pinch\Pinch\Pinch\Source.cpp(401,20): warning C4244: '=': 將 'double' 轉換為 'GLfloat'，由於類型不同，可能導致資料遺失
F:\Users\RTU\source\repos\Pinch\Pinch\Pinch\Source.cpp(414,15): warning C4244: '正在初始化': 將 'double' 轉換為 'float'，由於類型不同，可能導致資料遺失
F:\Users\RTU\source\repos\Pinch\Pinch\Pinch\Source.cpp(415,10): warning C4244: '正在初始化': 將 'double' 轉換為 'float'，由於類型不同，可能導致資料遺失
F:\Users\RTU\source\repos\Pinch\Pinch\Pinch\Source.cpp(419,51): warning C4244: '*=': 將 'double' 轉換為 'float'，由於類型不同，可能導致資料遺失
F:\Users\RTU\source\repos\Pinch\Pinch\Pinch\Source.cpp(420,51): warning C4244: '*=': 將 'double' 轉換為 'float'，由於類型不同，可能導致資料遺失
F:\Users\RTU\source\repos\Pinch\Pinch\Pinch\Source.cpp(424,53): warning C4244: '+=': 將 'double' 轉換為 'float'，由於類型不同，可能導致資料遺失
F:\Users\RTU\source\repos\Pinch\Pinch\Pinch\Source.cpp(425,22): warning C4244: '=': 將 'double' 轉換為 'float'，由於類型不同，可能導致資料遺失
F:\Users\RTU\source\repos\Pinch\Pinch\Pinch\Source.cpp(452,11): warning C4244: '正在初始化': 將 'double' 轉換為 'float'，由於類型不同，可能導致資料遺失
  Pinch.vcxproj -> F:\Users\RTU\source\repos\Pinch\Pinch\Debug\Pinch.exe
