  BufferSet.cpp
F:\Users\RTU\source\repos\Pinch\Pinch\Pinch\BufferSet.cpp(76,36): warning C4244: '引數': 將 'float' 轉換為 'int'，由於類型不同，可能導致資料遺失
F:\Users\RTU\source\repos\Pinch\Pinch\Pinch\BufferSet.cpp(76,24): warning C4244: '引數': 將 'float' 轉換為 'int'，由於類型不同，可能導致資料遺失
F:\Users\RTU\source\repos\Pinch\Pinch\Pinch\BufferSet.cpp(83,15): warning C4244: '=': 將 'int' 轉換為 'float'，由於類型不同，可能導致資料遺失
F:\Users\RTU\source\repos\Pinch\Pinch\Pinch\BufferSet.cpp(84,15): warning C4244: '=': 將 'int' 轉換為 'float'，由於類型不同，可能導致資料遺失
F:\Users\RTU\source\repos\Pinch\Pinch\Pinch\BufferSet.cpp(88,85): warning C4244: '引數': 將 'float' 轉換為 'int'，由於類型不同，可能導致資料遺失
F:\Users\RTU\source\repos\Pinch\Pinch\Pinch\BufferSet.cpp(88,73): warning C4244: '引數': 將 'float' 轉換為 'int'，由於類型不同，可能導致資料遺失
F:\Users\RTU\source\repos\Pinch\Pinch\Pinch\BufferSet.cpp(89,40): warning C4244: '引數': 將 'float' 轉換為 'int'，由於類型不同，可能導致資料遺失
F:\Users\RTU\source\repos\Pinch\Pinch\Pinch\BufferSet.cpp(89,28): warning C4244: '引數': 將 'float' 轉換為 'int'，由於類型不同，可能導致資料遺失
  Render.cpp
F:\Users\RTU\source\repos\Pinch\Pinch\Pinch\Render.cpp(11,18): warning C4244: '引數': 將 'int' 轉換為 'GLfloat'，由於類型不同，可能導致資料遺失
F:\Users\RTU\source\repos\Pinch\Pinch\Pinch\Render.cpp(13,20): warning C4244: '引數': 將 'int' 轉換為 'GLfloat'，由於類型不同，可能導致資料遺失
F:\Users\RTU\source\repos\Pinch\Pinch\Pinch\Render.cpp(13,13): warning C4244: '引數': 將 'int' 轉換為 'GLfloat'，由於類型不同，可能導致資料遺失
F:\Users\RTU\source\repos\Pinch\Pinch\Pinch\Render.cpp(15,13): warning C4244: '引數': 將 'int' 轉換為 'GLfloat'，由於類型不同，可能導致資料遺失
  Shader.cpp
F:\Users\RTU\source\repos\Pinch\Pinch\Pinch\Shader.cpp(89,48): warning C4474: 'printf': 傳遞給格式字串的引數太多
F:\Users\RTU\source\repos\Pinch\Pinch\Pinch\Shader.cpp(89,48): message : 預留位置及其參數需要 0 個 variadic 引數，但卻提供了 1 個
  ShaderFIles.cpp
  Source.cpp
F:\Users\RTU\source\repos\Pinch\Pinch\Pinch\Source.cpp(209,19): warning C4244: '=': 將 'GLint' 轉換為 'float'，由於類型不同，可能導致資料遺失
F:\Users\RTU\source\repos\Pinch\Pinch\Pinch\Source.cpp(210,19): warning C4244: '=': 將 'GLint' 轉換為 'float'，由於類型不同，可能導致資料遺失
F:\Users\RTU\source\repos\Pinch\Pinch\Pinch\Source.cpp(292,18): warning C4101: 'height': 未參考的區域變數
F:\Users\RTU\source\repos\Pinch\Pinch\Pinch\Source.cpp(292,11): warning C4101: 'width': 未參考的區域變數
F:\Users\RTU\source\repos\Pinch\Pinch\Pinch\Source.cpp(293,12): warning C4101: 'format': 未參考的區域變數
F:\Users\RTU\source\repos\Pinch\Pinch\Pinch\Source.cpp(292,26): warning C4101: 'component': 未參考的區域變數
F:\Users\RTU\source\repos\Pinch\Pinch\Pinch\Source.cpp(291,13): warning C4101: 'tga': 未參考的區域變數
F:\Users\RTU\source\repos\Pinch\Pinch\Pinch\Source.cpp(327,27): warning C4244: '=': 將 'float' 轉換為 'GLint'，由於類型不同，可能導致資料遺失
F:\Users\RTU\source\repos\Pinch\Pinch\Pinch\Source.cpp(331,27): warning C4244: '=': 將 'float' 轉換為 'GLint'，由於類型不同，可能導致資料遺失
F:\Users\RTU\source\repos\Pinch\Pinch\Pinch\Source.cpp(345,7): warning C4244: '=': 將 'GLdouble' 轉換為 'GLfloat'，由於類型不同，可能導致資料遺失
F:\Users\RTU\source\repos\Pinch\Pinch\Pinch\Source.cpp(346,7): warning C4244: '=': 將 'GLdouble' 轉換為 'GLfloat'，由於類型不同，可能導致資料遺失
F:\Users\RTU\source\repos\Pinch\Pinch\Pinch\Source.cpp(353,19): warning C4244: '=': 將 'int' 轉換為 'float'，由於類型不同，可能導致資料遺失
F:\Users\RTU\source\repos\Pinch\Pinch\Pinch\Source.cpp(354,19): warning C4244: '=': 將 'int' 轉換為 'float'，由於類型不同，可能導致資料遺失
F:\Users\RTU\source\repos\Pinch\Pinch\Pinch\Source.cpp(361,59): warning C4244: '=': 將 'double' 轉換為 'float'，由於類型不同，可能導致資料遺失
F:\Users\RTU\source\repos\Pinch\Pinch\Pinch\Source.cpp(362,60): warning C4244: '=': 將 'double' 轉換為 'float'，由於類型不同，可能導致資料遺失
F:\Users\RTU\source\repos\Pinch\Pinch\Pinch\Source.cpp(380,20): warning C4244: '=': 將 'double' 轉換為 'GLfloat'，由於類型不同，可能導致資料遺失
F:\Users\RTU\source\repos\Pinch\Pinch\Pinch\Source.cpp(393,15): warning C4244: '正在初始化': 將 'double' 轉換為 'float'，由於類型不同，可能導致資料遺失
F:\Users\RTU\source\repos\Pinch\Pinch\Pinch\Source.cpp(394,10): warning C4244: '正在初始化': 將 'double' 轉換為 'float'，由於類型不同，可能導致資料遺失
F:\Users\RTU\source\repos\Pinch\Pinch\Pinch\Source.cpp(398,51): warning C4244: '*=': 將 'double' 轉換為 'float'，由於類型不同，可能導致資料遺失
F:\Users\RTU\source\repos\Pinch\Pinch\Pinch\Source.cpp(399,51): warning C4244: '*=': 將 'double' 轉換為 'float'，由於類型不同，可能導致資料遺失
F:\Users\RTU\source\repos\Pinch\Pinch\Pinch\Source.cpp(403,53): warning C4244: '+=': 將 'double' 轉換為 'float'，由於類型不同，可能導致資料遺失
F:\Users\RTU\source\repos\Pinch\Pinch\Pinch\Source.cpp(404,22): warning C4244: '=': 將 'double' 轉換為 'float'，由於類型不同，可能導致資料遺失
F:\Users\RTU\source\repos\Pinch\Pinch\Pinch\Source.cpp(431,11): warning C4244: '正在初始化': 將 'double' 轉換為 'float'，由於類型不同，可能導致資料遺失
  正在產生程式碼
  2 of 1847 functions ( 0.1%) were compiled, the rest were copied from previous compilation.
    0 functions were new in current compilation
    1277 functions had inline decision re-evaluated but remain unchanged
  已完成程式碼產生
  Pinch.vcxproj -> F:\Users\RTU\source\repos\Pinch\Pinch\Release\Pinch.exe
